Added Component: Designator=P1(MHDR1X3)
Added Component: Designator=R1(2012[0805])
Added Component: Designator=R2(1608[0603])
Added Component: Designator=R3(1608[0603])
Added Component: Designator=R4(1608[0603])
Added Component: Designator=R5(1608[0603])
Added Component: Designator=R6(1608[0603])
Added Component: Designator=R7(1608[0603])
Added Component: Designator=R8(1608[0603])
Added Component: Designator=R9(1608[0603])
Added Component: Designator=R10(1608[0603])
Added Component: Designator=R11(1608[0603])
Added Component: Designator=R12(1608[0603])
Added Component: Designator=R13(2012[0805])
Added Component: Designator=R14(1608[0603])
Added Component: Designator=R21(1608[0603])
Added Component: Designator=R22(1608[0603])
Added Component: Designator=R23(1608[0603])
Added Component: Designator=R24(1608[0603])
Added Component: Designator=R25(1608[0603])
Added Component: Designator=R26(1608[0603])
Added Component: Designator=R33(1608[0603])
Added Component: Designator=R34(1608[0603])
Added Component: Designator=R35(1608[0603])
Added Component: Designator=R36(1608[0603])
Added Component: Designator=R37(1608[0603])
Added Component: Designator=R38(1608[0603])
Added Component: Designator=R42(1608[0603])
Added Component: Designator=R43(1608[0603])
Added Component: Designator=R44(1608[0603])
Added Component: Designator=R45(1608[0603])
Added Component: Designator=R47(1608[0603])
Added Component: Designator=R48(1608[0603])
Added Component: Designator=R49(1608[0603])
Added Component: Designator=R51(1608[0603])
Added Component: Designator=R53(1608[0603])
Added Component: Designator=R54(1608[0603])
Added Component: Designator=R55(1608[0603])
Added Pin To Net: NetName=NetC1_1 Pin=R1-1
Added Pin To Net: NetName=+24V Pin=R1-2
Added Pin To Net: NetName=NetC2_1 Pin=R2-1
Added Pin To Net: NetName=3.3V Pin=R2-2
Added Pin To Net: NetName=NetR3_1 Pin=R3-1
Added Pin To Net: NetName=NetR3_2 Pin=R3-2
Added Pin To Net: NetName=NetR4_1 Pin=R4-1
Added Pin To Net: NetName=ADCIN Pin=R4-2
Added Pin To Net: NetName=NetC4_2 Pin=R5-1
Added Pin To Net: NetName=NetR3_1 Pin=R5-2
Added Pin To Net: NetName=NetR3_2 Pin=R6-1
Added Pin To Net: NetName=NetC5_1 Pin=R6-2
Added Pin To Net: NetName=NetC5_2 Pin=R7-1
Added Pin To Net: NetName=NetR4_1 Pin=R7-2
Added Pin To Net: NetName=GND Pin=R8-1
Added Pin To Net: NetName=NetC4_1 Pin=R8-2
Added Pin To Net: NetName=ADCIN Pin=R9-1
Added Pin To Net: NetName=ADCIN1 Pin=R9-2
Added Pin To Net: NetName=GND Pin=R10-1
Added Pin To Net: NetName=LEDCTL Pin=R10-2
Added Pin To Net: NetName=3.3V Pin=R11-1
Added Pin To Net: NetName=NetC9_1 Pin=R11-2
Added Pin To Net: NetName=NetC9_1 Pin=R12-1
Added Pin To Net: NetName=NetC7_1 Pin=R12-2
Added Pin To Net: NetName=GND Pin=R13-1
Added Pin To Net: NetName=NetC8_1 Pin=R13-2
Added Pin To Net: NetName=GND Pin=R14-1
Added Pin To Net: NetName=NetC7_1 Pin=R14-2
Added Pin To Net: NetName=NetD2_3 Pin=R21-1
Added Pin To Net: NetName=NetD4_3 Pin=R21-2
Added Pin To Net: NetName=NetD2_3 Pin=R22-1
Added Pin To Net: NetName=NetD3_4 Pin=R22-2
Added Pin To Net: NetName=NetD2_2 Pin=R23-1
Added Pin To Net: NetName=NetD4_2 Pin=R23-2
Added Pin To Net: NetName=NetD2_2 Pin=R24-1
Added Pin To Net: NetName=NetD3_5 Pin=R24-2
Added Pin To Net: NetName=NetD2_1 Pin=R25-1
Added Pin To Net: NetName=NetD4_1 Pin=R25-2
Added Pin To Net: NetName=NetD2_1 Pin=R26-1
Added Pin To Net: NetName=NetD3_6 Pin=R26-2
Added Pin To Net: NetName=NetD6_3 Pin=R33-1
Added Pin To Net: NetName=NetD4_3 Pin=R33-2
Added Pin To Net: NetName=NetD6_3 Pin=R34-1
Added Pin To Net: NetName=NetD7_4 Pin=R34-2
Added Pin To Net: NetName=NetD6_2 Pin=R35-1
Added Pin To Net: NetName=NetD4_2 Pin=R35-2
Added Pin To Net: NetName=NetD6_2 Pin=R36-1
Added Pin To Net: NetName=NetD7_5 Pin=R36-2
Added Pin To Net: NetName=NetD6_1 Pin=R37-1
Added Pin To Net: NetName=NetD4_1 Pin=R37-2
Added Pin To Net: NetName=NetD6_1 Pin=R38-1
Added Pin To Net: NetName=NetD7_6 Pin=R38-2
Added Pin To Net: NetName=LED_R Pin=R42-1
Added Pin To Net: NetName=GND Pin=R42-2
Added Pin To Net: NetName=LED_G Pin=R43-1
Added Pin To Net: NetName=GND Pin=R43-2
Added Pin To Net: NetName=LED_B Pin=R44-1
Added Pin To Net: NetName=GND Pin=R44-2
Added Pin To Net: NetName=INPUT Pin=R45-1
Added Pin To Net: NetName=3.3V Pin=R45-2
Added Pin To Net: NetName=NetQ7_3 Pin=R47-1
Added Pin To Net: NetName=+24V Pin=R47-2
Added Pin To Net: NetName=NetQ7_3 Pin=R48-1
Added Pin To Net: NetName=NetQ5_1 Pin=R48-2
Added Pin To Net: NetName=NetC13_1 Pin=R49-1
Added Pin To Net: NetName=NetC12_1 Pin=R49-2
Added Pin To Net: NetName=NetD10_2 Pin=R51-1
Added Pin To Net: NetName=NetQ6_1 Pin=R51-2
Added Pin To Net: NetName=NetQ7_3 Pin=R53-1
Added Pin To Net: NetName=NetC14_1 Pin=R53-2
Added Pin To Net: NetName=NetQ7_1 Pin=R54-1
Added Pin To Net: NetName=OUTPUT Pin=R54-2
Added Pin To Net: NetName=GND Pin=R55-1
Added Pin To Net: NetName=NetC13_1 Pin=R55-2
Added Member To Class: ClassName=Sheet1 Member=Component R1 
Added Member To Class: ClassName=Sheet1 Member=Component R2 
Added Member To Class: ClassName=Sheet1 Member=Component R3 
Added Member To Class: ClassName=Sheet1 Member=Component R4 
Added Member To Class: ClassName=Sheet1 Member=Component R5 
Added Member To Class: ClassName=Sheet1 Member=Component R6 
Added Member To Class: ClassName=Sheet1 Member=Component R7 
Added Member To Class: ClassName=Sheet1 Member=Component R8 
Added Member To Class: ClassName=Sheet1 Member=Component R9 
Added Member To Class: ClassName=Sheet1 Member=Component R10 
Added Member To Class: ClassName=Sheet1 Member=Component R11 
Added Member To Class: ClassName=Sheet1 Member=Component R12 
Added Member To Class: ClassName=Sheet1 Member=Component R13 
Added Member To Class: ClassName=Sheet1 Member=Component R14 
Added Member To Class: ClassName=Sheet1 Member=Component R21 
Added Member To Class: ClassName=Sheet1 Member=Component R22 
Added Member To Class: ClassName=Sheet1 Member=Component R23 
Added Member To Class: ClassName=Sheet1 Member=Component R24 
Added Member To Class: ClassName=Sheet1 Member=Component R25 
Added Member To Class: ClassName=Sheet1 Member=Component R26 
Added Member To Class: ClassName=Sheet1 Member=Component R33 
Added Member To Class: ClassName=Sheet1 Member=Component R34 
Added Member To Class: ClassName=Sheet1 Member=Component R35 
Added Member To Class: ClassName=Sheet1 Member=Component R36 
Added Member To Class: ClassName=Sheet1 Member=Component R37 
Added Member To Class: ClassName=Sheet1 Member=Component R38 
Added Member To Class: ClassName=Sheet1 Member=Component R42 
Added Member To Class: ClassName=Sheet1 Member=Component R43 
Added Member To Class: ClassName=Sheet1 Member=Component R44 
Added Member To Class: ClassName=Sheet1 Member=Component R45 
Added Member To Class: ClassName=Sheet1 Member=Component R47 
Added Member To Class: ClassName=Sheet1 Member=Component R48 
Added Member To Class: ClassName=Sheet1 Member=Component R49 
Added Member To Class: ClassName=Sheet1 Member=Component R51 
Added Member To Class: ClassName=Sheet1 Member=Component R53 
Added Member To Class: ClassName=Sheet1 Member=Component R54 
Added Member To Class: ClassName=Sheet1 Member=Component R55 
