Added Component: Designator=P1(MHDR1X3)
Added Component: Designator=R1(2012[0805])
Added Component: Designator=R2(1608[0603])
Added Component: Designator=R3(1608[0603])
Added Component: Designator=R4(1608[0603])
Added Component: Designator=R5(1608[0603])
Added Component: Designator=R6(1608[0603])
Added Component: Designator=R7(1608[0603])
Added Component: Designator=R8(1608[0603])
Added Component: Designator=R9(1608[0603])
Added Component: Designator=R10(1608[0603])
Added Component: Designator=R11(1608[0603])
Added Component: Designator=R12(1608[0603])
Added Component: Designator=R13(2012[0805])
Added Component: Designator=R14(1608[0603])
Added Component: Designator=R21(1608[0603])
Added Component: Designator=R22(1608[0603])
Added Component: Designator=R23(1608[0603])
Added Component: Designator=R24(1608[0603])
Added Component: Designator=R25(1608[0603])
Added Component: Designator=R26(1608[0603])
Added Component: Designator=R33(1608[0603])
Added Component: Designator=R34(1608[0603])
Added Component: Designator=R35(1608[0603])
Added Component: Designator=R36(1608[0603])
Added Component: Designator=R37(1608[0603])
Added Component: Designator=R38(1608[0603])
Added Component: Designator=R42(1608[0603])
Added Component: Designator=R43(1608[0603])
Added Component: Designator=R44(1608[0603])
Added Component: Designator=R45(1608[0603])
Added Component: Designator=R47(1608[0603])
Added Component: Designator=R48(1608[0603])
Added Component: Designator=R49(1608[0603])
Added Component: Designator=R51(1608[0603])
Added Component: Designator=R53(1608[0603])
Added Component: Designator=R54(1608[0603])
Added Component: Designator=R55(1608[0603])
Added Component: Designator=RADJ1(POT4MM-2)
Added Net: Name=+24V
Added Net: Name=3.3V
Added Net: Name=ADCIN1
Added Net: Name=ADCIN
Added Net: Name=GND
Added Net: Name=INPUT
Added Net: Name=LED_B
Added Net: Name=LED_G
Added Net: Name=LED_R
Added Net: Name=LEDCTL
Added Net: Name=NetC1_1
Added Net: Name=NetC2_1
Added Net: Name=NetC4_1
Added Net: Name=NetC4_2
Added Net: Name=NetC5_1
Added Net: Name=NetC5_2
Added Net: Name=NetC7_1
Added Net: Name=NetC8_1
Added Net: Name=NetC9_1
Added Net: Name=NetC11_1
Added Net: Name=NetC12_1
Added Net: Name=NetC13_1
Added Net: Name=NetC14_1
Added Net: Name=NetD1_1
Added Net: Name=NetD1_2
Added Net: Name=NetD1_3
Added Net: Name=NetD1_4
Added Net: Name=NetD1_5
Added Net: Name=NetD1_6
Added Net: Name=NetD2_1
Added Net: Name=NetD2_2
Added Net: Name=NetD2_3
Added Net: Name=NetD3_1
Added Net: Name=NetD3_2
Added Net: Name=NetD3_3
Added Net: Name=NetD3_4
Added Net: Name=NetD3_5
Added Net: Name=NetD3_6
Added Net: Name=NetD4_1
Added Net: Name=NetD4_2
Added Net: Name=NetD4_3
Added Net: Name=NetD5_1
Added Net: Name=NetD5_2
Added Net: Name=NetD5_3
Added Net: Name=NetD5_4
Added Net: Name=NetD5_5
Added Net: Name=NetD5_6
Added Net: Name=NetD6_1
Added Net: Name=NetD6_2
Added Net: Name=NetD6_3
Added Net: Name=NetD7_1
Added Net: Name=NetD7_2
Added Net: Name=NetD7_3
Added Net: Name=NetD7_4
Added Net: Name=NetD7_5
Added Net: Name=NetD7_6
Added Net: Name=NetD9_2
Added Net: Name=NetD9_3
Added Net: Name=NetD10_2
Added Net: Name=NetLED1_2
Added Net: Name=NetP1_2
Added Net: Name=NetP1_3
Added Net: Name=NetQ2_2
Added Net: Name=NetQ3_2
Added Net: Name=NetQ4_2
Added Net: Name=NetQ5_1
Added Net: Name=NetQ6_1
Added Net: Name=NetQ7_1
Added Net: Name=NetQ7_3
Added Net: Name=NetR3_1
Added Net: Name=NetR3_2
Added Net: Name=NetR4_1
Added Net: Name=OUTPUT
Added Net: Name=OUT
Added Net: Name=SIN
Added Class: Name=Sheet1
Added Room: Name=Sheet1
