C51 COMPILER V9.52.0.0   DELAY                                                             10/28/2016 14:46:37 PAGE 1   


C51 COMPILER V9.52.0.0, COMPILATION OF MODULE DELAY
OBJECT MODULE PLACED IN .\delay.obj
COMPILER INVOKED BY: C:\Program Files\kile\C51\BIN\C51.EXE ..\SRC\delay.c OMF2 OPTIMIZE(8,SPEED) BROWSE INCDIR(..\INC;..
                    -\PRO;..\SRC) DEBUG PRINT(.\delay.lst) TABS(2) OBJECT(.\delay.obj)

line level    source

   1          #include "include.h"
   2          //////////////////////////////////////////////////////////////////////////////////
   3          //// 功能描述 : 1ms延时
   4          //// 输入参数 : 
   5          //// 返回参数 : 
   6          //// 说明     :  
   7          //////////////////////////////////////////////////////////////////////////////////
   8          void delay(void)                                                
   9          {  
  10   1        unsigned char i, j;
  11   1      
  12   1        i = 2;
  13   1        j = 114;
  14   1        do
  15   1        {
  16   2          while (--j);
  17   2        } while (--i);
  18   1      }
  19          //////////////////////////////////////////////////////////////////////////////////
  20          //// 功能描述 : ms级延时
  21          //// 输入参数 : 
  22          //// 返回参数 : 
  23          //// 说明     :  
  24          //////////////////////////////////////////////////////////////////////////////////
  25          void delay_ms( INT16U cnt)                                              
  26          {  
  27   1      
  28   1        while(cnt > 0)
  29   1        {
  30   2             delay();
  31   2           cnt--;
  32   2        }
  33   1      }


MODULE INFORMATION:   STATIC OVERLAYABLE
   CODE SIZE        =     33    ----
   CONSTANT SIZE    =   ----    ----
   XDATA SIZE       =   ----    ----
   PDATA SIZE       =   ----    ----
   DATA SIZE        =   ----    ----
   IDATA SIZE       =   ----    ----
   BIT SIZE         =   ----    ----
   EDATA SIZE       =   ----    ----
   HDATA SIZE       =   ----    ----
   XDATA CONST SIZE =   ----    ----
   FAR CONST SIZE   =   ----    ----
END OF MODULE INFORMATION.


C51 COMPILATION COMPLETE.  0 WARNING(S),  0 ERROR(S)
