C51 COMPILER V9.52.0.0   LED                                                               10/28/2016 14:46:37 PAGE 1   


C51 COMPILER V9.52.0.0, COMPILATION OF MODULE LED
OBJECT MODULE PLACED IN .\led.obj
COMPILER INVOKED BY: C:\Program Files\kile\C51\BIN\C51.EXE ..\SRC\led.c OMF2 OPTIMIZE(8,SPEED) BROWSE INCDIR(..\INC;..\P
                    -RO;..\SRC) DEBUG PRINT(.\led.lst) TABS(2) OBJECT(.\led.obj)

line level    source

   1          #define LED_GLOBAL
   2          #include "include.h"
   3          UINT8  KeyStatus = OFF;   //按键状态
   4          INT8U LedStatus = LED_NONE;   //灯状态
   5          INT16U  LedDelayCnt = 0;
   6          //////////////////////////////////////////////////////////////////////////////////
   7          //// 功能描述 : ADC初始化
   8          //// 输入参数 : 
   9          //// 返回参数 : 
  10          //// 说明     :  
  11          //////////////////////////////////////////////////////////////////////////////////
  12          void led_blink(void)
  13          {
  14   1        LED_R_ON ;
  15   1        delay_ms(1000); 
  16   1        LED_R_OFF ; 
  17   1      
  18   1      
  19   1        LED_G_ON ;  
  20   1        delay_ms(1000);
  21   1        LED_G_OFF ;
  22   1          
  23   1        LED_B_ON; 
  24   1        delay_ms(1000); 
  25   1        LED_G_OFF ;
  26   1      }
  27          //////////////////////////////////////////////////////////////////////////////////
  28          //// 功能描述 : IO初始化
  29          //// 输入参数 : 
  30          //// 返回参数 : 
  31          //// 说明     :  
  32          //////////////////////////////////////////////////////////////////////////////////
  33          void PORT_Init (void)
  34          { 
  35   1        P0MDIN  &= ~0x02;     // P0.1,为模拟输入  0=模拟输入，1=数字输入
  36   1        P0MDIN  |= 0x10;      // P0.4 DIGITAL INPUT
  37   1        P0MDOUT |= 0x28;      // P0.3,5,为推挽输出方式  
  38   1        P0MDOUT &= ~(0x45);   // P0.1,2,6为Open Drain输出方式 
  39   1        XBR0    |= 0x3F;      // 跳过使用的IO口P0.0 1 2 3 5 6   
  40   1        XBR2    |= 0X40;      // 使能交叉开关，使能弱上拉
  41   1      
  42   1        
  43   1        pOUTPUT   = OFF;      // 关掉输出
  44   1        LED_G_OFF ;   
  45   1        LED_B_OFF ;
  46   1        LED_R_OFF ;
  47   1           
  48   1        pEMILEDCTL = OFF;     //发射管关断
  49   1      }
  50          //////////////////////////////////////////////////////////////////////////////////
  51          //// 功能描述 : led控制
  52          //// 输入参数 : 
  53          //// 返回参数 : 
  54          //// 说明     :  
C51 COMPILER V9.52.0.0   LED                                                               10/28/2016 14:46:37 PAGE 2   

  55          //////////////////////////////////////////////////////////////////////////////////
  56          void led_light_ctrl(INT8U leds)
  57          {
  58   1        switch (leds)
  59   1        {
  60   2          case LED_RED:     LED_G_OFF; LED_B_OFF;  LED_R_ON;  break;    
  61   2          case LED_GREEN:   LED_R_OFF; LED_B_OFF;  LED_G_ON;  break;
  62   2          case LED_BLUE:    LED_R_OFF; LED_G_OFF;  LED_B_ON;  break;
  63   2          
  64   2          case LED_RG:      LED_B_OFF; LED_R_ON;   LED_G_ON;  break;    
  65   2          case LED_RB:      LED_G_OFF; LED_R_ON;   LED_B_ON;  break;
  66   2          case LED_GB:      LED_R_OFF; LED_G_ON;   LED_B_ON;  break;
  67   2          case LED_RGB:     LED_R_ON;  LED_G_ON;   LED_B_ON;  break;      
  68   2          default:          LED_R_OFF; LED_G_OFF; LED_B_OFF;  break;
  69   2        }
  70   1      }
  71          //////////////////////////////////////////////////////////////////////////////////
  72          //// 功能描述 : led闪烁控制
  73          //// 输入参数 : 
  74          //// 返回参数 : 
  75          //// 说明     :  
  76          //////////////////////////////////////////////////////////////////////////////////
  77          void CMD_led_flash(void)
  78          {
  79   1        if(LedStatus != LED_NONE)
  80   1        {
  81   2      
  82   2            led_light_ctrl(LedStatus);      // 仅点亮对应颜色
  83   2      
  84   2        }
  85   1        else//当前不显示
  86   1        {
  87   2          led_light_ctrl(LED_NONE); 
  88   2        }
  89   1      }
  90          


MODULE INFORMATION:   STATIC OVERLAYABLE
   CODE SIZE        =    157    ----
   CONSTANT SIZE    =   ----    ----
   XDATA SIZE       =   ----    ----
   PDATA SIZE       =   ----    ----
   DATA SIZE        =      6    ----
   IDATA SIZE       =   ----    ----
   BIT SIZE         =   ----    ----
   EDATA SIZE       =   ----    ----
   HDATA SIZE       =   ----    ----
   XDATA CONST SIZE =   ----    ----
   FAR CONST SIZE   =   ----    ----
END OF MODULE INFORMATION.


C51 COMPILATION COMPLETE.  0 WARNING(S),  0 ERROR(S)
