C51 COMPILER V9.52.0.0   MAIN                                                              10/28/2016 14:47:34 PAGE 1   


C51 COMPILER V9.52.0.0, COMPILATION OF MODULE MAIN
OBJECT MODULE PLACED IN .\main.obj
COMPILER INVOKED BY: C:\Program Files\kile\C51\BIN\C51.EXE ..\SRC\main.c OMF2 OPTIMIZE(8,SPEED) BROWSE INCDIR(..\INC;..\
                    -PRO;..\SRC) DEBUG PRINT(.\main.lst) TABS(2) OBJECT(.\main.obj)

line level    source

   1          /********************************************************************************
   2          工作状态下 
   3          
   4                使能     按键     灯        输出
   5                
   6                 0       按下     黄         有
   7                 0       松开     灭         无
   8                 1       松开     红         无
   9                 1       按下     绿         有    
  10          
  11          使能：1 使能输入   0 无使能输入
  12          
  13          
  14          基准采样在定时器初上电几个周期内完成，与平时采样环境保持一致
  15          
  16          2016.09.18 感应离开延时100ms灯色切换
  17          2016.09.29 基准采样在上电的时候取100次平均值
  18          ********************************************************************************/
  19          
  20          #define MAIN_GLOBAL
  21          #include "include.h"      
  22          INT8U sysStatus = SYSTEM_INIT;    //系统状态
  23          INT16U  basecount=0;
  24          INT8U   out=0;
  25          INT16U RevBase=0;
  26          //////////////////////////////////////////////////////////////////////////////////
  27          //// 功能描述 : 系统频率设置
  28          //// 输入参数 : 
  29          //// 返回参数 : 
  30          //// 说明     : 
  31          //////////////////////////////////////////////////////////////////////////////////
  32          void OSCILLATOR_Init (void)
  33          {     
  34   1        INT8U i;
  35   1        OSCICN   = 0x05;                //频率为25Mhz /4 =6.25
  36   1        for(i = 500; i>0; i--);
  37   1        while((OSCICN & 0x10) == 0) ;   // 判断是否正常振荡
  38   1      }
  39          //////////////////////////////////////////////////////////////////////////////////
  40          //// 功能描述 : 主函数
  41          //// 输入参数 : 
  42          //// 返回参数 : 
  43          //// 说明     :  
  44          //////////////////////////////////////////////////////////////////////////////////
  45          void main(void)
  46          { 
  47   1        //delay_ms(100);  
  48   1        PCA0MD &= ~0x40;             //看门狗定时器被禁止
  49   1        RSTSRC |= 0x02;              //使能VDD电压监视
  50   1        PORT_Init ();                // Initialize crossbar and GPIO
  51   1        led_blink();                            
  52   1        Timer0_Init ();              // Timer0 自动重装模式2
  53   1        ADC_Init ();                 // 设置ADC
  54   1        OSCILLATOR_Init();           // Initialize the system clock 
C51 COMPILER V9.52.0.0   MAIN                                                              10/28/2016 14:47:34 PAGE 2   

  55   1      
  56   1        delay_ms(100);    
  57   1        
  58   1        PCA0CPL2 = 0xff;             // 33ms
  59   1        PCA0MD  |= 0x60;             // 看门狗定时器被启用 ，锁定看门狗
  60   1        Interrupt_Init ();           // 开中断
  61   1        while(1)
  62   1        {
  63   2          PCA0CPH2 = 1;              //喂狗 
  64   2          key_status();              //按键状态检测
  65   2          PCA0CPH2 = 1;              //喂狗 
  66   2          Disp_Main();               //显示
  67   2          PCA0CPH2 = 1;              //喂狗 
  68   2          CMD_led_flash();           //刷新灯色
  69   2          PCA0CPH2 = 1;              //喂狗     
  70   2        } 
  71   1      }
  72          //////////////////////////////////////////////////////////////////////////////////
  73          //// 功能描述 : 触控机制
  74          //// 输入参数 : 
  75          //// 返回参数 : 
  76          //// 说明     :  
  77          //////////////////////////////////////////////////////////////////////////////////
  78          void Disp_Main(void)
  79          {
  80   1          if(p_signal_input == 1)                          //无输入
  81   1          {
  82   2                  
  83   2             if (KeyStatus == ON)                          //无输入时按键按下时黄灯亮
  84   2             {
  85   3                OUTPUT_ON;                                 //输出开
  86   3                LedStatus = KEY_PRESS_LED_NOIN ;  
  87   3                LedDelayCnt=KEY_COUNT;                     //设置按键松开灯亮延时   在定时器里延时   
  88   3             }
  89   2             else if(KeyStatus == OFF)                     //当按键松开时
  90   2             {
  91   3                OUTPUT_OFF;                                //输出关
  92   3                if(LedDelayCnt == 0)
  93   3                   LedStatus = KEY_RELEASE_LED_NOIN;        
  94   3             }           
  95   2          }
  96   1          
  97   1          else if (p_signal_input == 0)                     //有输入
  98   1          {
  99   2             if (KeyStatus == ON)  
 100   2             {  
 101   3                OUTPUT_ON;                                  //输出开
 102   3                LedStatus = KEY_PRESS_LED_IN ;              //按键按下灯色
 103   3                sysStatus = 1;                              //第一次按下
 104   3                LedDelayCnt=KEY_COUNT;                      //设置按键松开灯亮延时           
 105   3             }
 106   2             else if(KeyStatus == OFF)                      //当按键松开时
 107   2             {          
 108   3                OUTPUT_OFF;                                 //输出关
 109   3                if(LedDelayCnt == 0)                        //不马上关闭按键按下时候的状态
 110   3                {                      
 111   4                   LedStatus = KEY_RELEASE_LED_IN; 
 112   4                   sysStatus=0;
 113   4                }
 114   3             }
 115   2           }
 116   1      }
C51 COMPILER V9.52.0.0   MAIN                                                              10/28/2016 14:47:34 PAGE 3   



MODULE INFORMATION:   STATIC OVERLAYABLE
   CODE SIZE        =    145    ----
   CONSTANT SIZE    =   ----    ----
   XDATA SIZE       =   ----    ----
   PDATA SIZE       =   ----    ----
   DATA SIZE        =     11    ----
   IDATA SIZE       =   ----    ----
   BIT SIZE         =      1    ----
   EDATA SIZE       =   ----    ----
   HDATA SIZE       =   ----    ----
   XDATA CONST SIZE =   ----    ----
   FAR CONST SIZE   =   ----    ----
END OF MODULE INFORMATION.


C51 COMPILATION COMPLETE.  0 WARNING(S),  0 ERROR(S)
