C51 COMPILER V9.52.0.0   ADC                                                               11/14/2016 14:13:35 PAGE 1   


C51 COMPILER V9.52.0.0, COMPILATION OF MODULE ADC
OBJECT MODULE PLACED IN .\adc.obj
COMPILER INVOKED BY: C:\Program Files\kile\C51\BIN\C51.EXE ..\SRC\adc.c OMF2 OPTIMIZE(8,SPEED) BROWSE INCDIR(..\INC) DEB
                    -UG PRINT(.\adc.lst) TABS(2) OBJECT(.\adc.obj)

line level    source

   1          #include "include.h"
   2          //////////////////////////////////////////////////////////////////////////////////
   3          //// 功能描述 : ADC初始化
   4          //// 输入参数 : 
   5          //// 返回参数 : 
   6          //// 说明     :  
   7          //////////////////////////////////////////////////////////////////////////////////
   8          void ADC_Init (void)
   9          {
  10   1        AMX0SL = 0X81;      //正端P0.1,负端GND
  11   1        ADC0CF = 0x09;      //转换频率为6M（6M max），2倍增益  ,1/2系统时钟 !!!
  12   1        REF0CN = 0x0a;      //VDD作为电压基准, 使能内部ADC参考电压
  13   1        ADC0CN  = 0x80;     //使能ADC0 工作于连续跟踪方式 向AD0BUSY写1启动AD
  14   1      }
  15          //////////////////////////////////////////////////////////////////////////////////
  16          //// 功能描述 : ADC采集一次
  17          //// 输入参数 : 
  18          //// 返回参数 : 
  19          //// 说明     :  
  20          //////////////////////////////////////////////////////////////////////////////////
  21          INT8U ADC_Samp (void)
  22          {
  23   1        INT8U tmp,dat;
  24   1        AD0INT  = 0;  //清除转换完成标志
  25   1        AD0BUSY = 1;  //启动一次转换
  26   1        dat = 0;
  27   1        
  28   1        for(tmp = 50;tmp > 0;tmp --)      // F300  2*nop + 19*3*nop + 2*nop = 61nop = 61*40ns*4=9.6us
  29   1        {
  30   2          if( 1 == AD0INT )//超过限流值关断一段时间
  31   2          {
  32   3            AD0INT = 0;
  33   3            AD0BUSY = 0;
  34   3            dat =   ADC0;
  35   3            break;
  36   3          }               
  37   2        }
  38   1        return(dat);
  39   1      }
  40          ////////////////////////////////////////////////////////////////////////////////
  41          // 功能描述 : 采集基准电压
  42          // 输入参数 : 
  43          // 返回参数 : 
  44          // 说明     :  
  45          ////////////////////////////////////////////////////////////////////////////////
  46          void Base_ADC()
  47          {
  48   1          INT8U cnt,i;
  49   1          for(i=0;i<BASE_AD_COUNT;i++)   // 延时一会 
  50   1          {
  51   2             pEMILEDCTL = OFF;           // 发射管关闭
  52   2             cnt++;
  53   2             RevBase += ADC_Samp();      // 采集基端数据
  54   2             for(cnt=0;cnt<15;cnt++);    // 延时一会 
C51 COMPILER V9.52.0.0   ADC                                                               11/14/2016 14:13:35 PAGE 2   

  55   2             pEMILEDCTL = OFF;           // 发射管关闭
  56   2             delay_ms(1);
  57   2          }
  58   1          RevBase=RevBase/BASE_AD_COUNT; //取平均值
  59   1          //RevBase = 10;
  60   1          if((RevBase < ADC_BASE_CARITICAL_HIGH) &&(RevBase > ADC_BASE_CARITICAL_LOW))               // 基准电压在
             -范围内  2V-- 0.8V
  61   1          {
  62   2             AD_Base_OK = OK;            //ADC集准采淹瓿声
  63   2          } 
  64   1          else
  65   1          {
  66   2             AD_Base_OK = NO_OK;
  67   2             ADC_BaseLedState = ON;     //ADC集准采样错误指示灯打开
  68   2             ADC_BaseErrNum = 0;        //赋值LED闪烁时间 在定时器里进行减值
  69   2          }
  70   1            
  71   1          
  72   1           
  73   1      }


MODULE INFORMATION:   STATIC OVERLAYABLE
   CODE SIZE        =    134    ----
   CONSTANT SIZE    =   ----    ----
   XDATA SIZE       =   ----    ----
   PDATA SIZE       =   ----    ----
   DATA SIZE        =   ----       2
   IDATA SIZE       =   ----    ----
   BIT SIZE         =   ----    ----
   EDATA SIZE       =   ----    ----
   HDATA SIZE       =   ----    ----
   XDATA CONST SIZE =   ----    ----
   FAR CONST SIZE   =   ----    ----
END OF MODULE INFORMATION.


C51 COMPILATION COMPLETE.  0 WARNING(S),  0 ERROR(S)
