C51 COMPILER V9.52.0.0   DWG                                                               11/14/2016 14:13:37 PAGE 1   


C51 COMPILER V9.52.0.0, COMPILATION OF MODULE DWG
OBJECT MODULE PLACED IN .\DWG.obj
COMPILER INVOKED BY: C:\Program Files\kile\C51\BIN\C51.EXE ..\SRC\DWG.c OMF2 OPTIMIZE(8,SPEED) BROWSE INCDIR(..\INC) DEB
                    -UG PRINT(.\DWG.lst) TABS(2) OBJECT(.\DWG.obj)

line level    source

   1          #include "include.h"
   2          
   3          


MODULE INFORMATION:   STATIC OVERLAYABLE
   CODE SIZE        =   ----    ----
   CONSTANT SIZE    =   ----    ----
   XDATA SIZE       =   ----    ----
   PDATA SIZE       =   ----    ----
   DATA SIZE        =   ----    ----
   IDATA SIZE       =   ----    ----
   BIT SIZE         =   ----    ----
   EDATA SIZE       =   ----    ----
   HDATA SIZE       =   ----    ----
   XDATA CONST SIZE =   ----    ----
   FAR CONST SIZE   =   ----    ----
END OF MODULE INFORMATION.


C51 COMPILATION COMPLETE.  0 WARNING(S),  0 ERROR(S)
