C51 COMPILER V9.52.0.0   INIT                                                              11/14/2016 14:13:36 PAGE 1   


C51 COMPILER V9.52.0.0, COMPILATION OF MODULE INIT
OBJECT MODULE PLACED IN .\init.obj
COMPILER INVOKED BY: C:\Program Files\kile\C51\BIN\C51.EXE ..\SRC\init.c OMF2 OPTIMIZE(8,SPEED) BROWSE INCDIR(..\INC) DE
                    -BUG PRINT(.\init.lst) TABS(2) OBJECT(.\init.obj)

line level    source

   1          


MODULE INFORMATION:   STATIC OVERLAYABLE
   CODE SIZE        =   ----    ----
   CONSTANT SIZE    =   ----    ----
   XDATA SIZE       =   ----    ----
   PDATA SIZE       =   ----    ----
   DATA SIZE        =   ----    ----
   IDATA SIZE       =   ----    ----
   BIT SIZE         =   ----    ----
   EDATA SIZE       =   ----    ----
   HDATA SIZE       =   ----    ----
   XDATA CONST SIZE =   ----    ----
   FAR CONST SIZE   =   ----    ----
END OF MODULE INFORMATION.


C51 COMPILATION COMPLETE.  0 WARNING(S),  0 ERROR(S)
