C51 COMPILER V9.52.0.0   KEY                                                               11/14/2016 14:13:36 PAGE 1   


C51 COMPILER V9.52.0.0, COMPILATION OF MODULE KEY
OBJECT MODULE PLACED IN .\key.obj
COMPILER INVOKED BY: C:\Program Files\kile\C51\BIN\C51.EXE ..\SRC\key.c OMF2 OPTIMIZE(8,SPEED) BROWSE INCDIR(..\INC) DEB
                    -UG PRINT(.\key.lst) TABS(2) OBJECT(.\key.obj)

line level    source

   1          #define KEY_GLOBAL
   2          #include "include.h"
   3          UINT8  KeyStatus_flag = 0;
   4          
   5          //////////////////////////////////////////////////////////////////////////////////
   6          //// 功能描述 : 按键状态监测
   7          //// 输入参数 : 
   8          //// 返回参数 : 
   9          //// 说明     :  
  10          //////////////////////////////////////////////////////////////////////////////////
  11          void key_status()
  12          {   
  13   1             
  14   1          if((f_prossout == TRUE)&&(AD_Base_OK == OK))                      //按键检测机制 限定是在基准采样完后再
             -做比较
  15   1          { 
  16   2             f_prossout = FALSE;
  17   2             
  18   2             
  19   2             if((sampDat>RevBase)&&(sampDat-RevBase)>Dval)   //判断是否为开关触发
  20   2               out++;
  21   2             else                 //如果遮挡时间无效 重新计时
  22   2               out=0; 
  23   2          }   
  24   1          if(out>Dnum)            //有按键
  25   1          {
  26   2             out=Dnum+1;
  27   2             KeyStatus = ON;      
  28   2          }
  29   1          else
  30   1             KeyStatus = OFF;
  31   1      }
  32          
  33          
  34          


MODULE INFORMATION:   STATIC OVERLAYABLE
   CODE SIZE        =     65    ----
   CONSTANT SIZE    =   ----    ----
   XDATA SIZE       =   ----    ----
   PDATA SIZE       =   ----    ----
   DATA SIZE        =      1    ----
   IDATA SIZE       =   ----    ----
   BIT SIZE         =   ----    ----
   EDATA SIZE       =   ----    ----
   HDATA SIZE       =   ----    ----
   XDATA CONST SIZE =   ----    ----
   FAR CONST SIZE   =   ----    ----
END OF MODULE INFORMATION.


C51 COMPILATION COMPLETE.  0 WARNING(S),  0 ERROR(S)
