C51 COMPILER V9.52.0.0   TIMER                                                             11/14/2016 14:13:35 PAGE 1   


C51 COMPILER V9.52.0.0, COMPILATION OF MODULE TIMER
OBJECT MODULE PLACED IN .\timer.obj
COMPILER INVOKED BY: C:\Program Files\kile\C51\BIN\C51.EXE ..\SRC\timer.c OMF2 OPTIMIZE(8,SPEED) BROWSE INCDIR(..\INC) D
                    -EBUG PRINT(.\timer.lst) TABS(2) OBJECT(.\timer.obj)

line level    source

   1           #include "include.h"
   2          
   3          //////////////////////////////////////////////////////////////////////////////////
   4          //// 功能描述 : 定时器0初始化
   5          //// 输入参数 : 
   6          //// 返回参数 : 
   7          //// 说明     :  
   8          //////////////////////////////////////////////////////////////////////////////////
   9          void Timer0_Init (void)      // 30us
  10          {
  11   1        TR0 = 1;          //Timer0启动,即TCON=0x10;
  12   1        ET0 = 1;          //T0溢出中断允许
  13   1        TH0 = (255-10);   //10US 
  14   1        TMOD = 2;         //定时器0 8bit自动重装载
  15   1        CKCON |= 0x01;    //4分频率  6/4
  16   1        EA =0;
  17   1      }
  18          //////////////////////////////////////////////////////////////////////////////////
  19          //// 功能描述 : 定时器0中断入口函数
  20          //// 输入参数 : 
  21          //// 返回参数 : 
  22          //// 说明     :  1ms采集一次 连续采样20此大于基准电压，表示有触发
  23          //////////////////////////////////////////////////////////////////////////////////
  24          void Timer0(void) interrupt 1          //10us
  25          {
  26   1        count++;                             //对10us计数       
  27   1      
  28   1        if(LedDelayCnt>0)                    //按键关断计时
  29   1           LedDelayCnt--;
  30   1        
  31   1      
  32   1           if(ADC_BaseErrNum>0)                 
  33   1           {
  34   2              ADC_BaseErrNum--;
  35   2           }
  36   1      
  37   1        
  38   1      /********************发射处理****************************************************/  
  39   1      
  40   1        if(count>FSLEDONTIME)                 //持续发射
  41   1        { 
  42   2            
  43   2            pEMILEDCTL = ON;                  // 发射管打开
  44   2            count=0;
  45   2            valid_ok = TRUE;
  46   2        }
  47   1        else
  48   1        {
  49   2           if(valid_ok == TRUE)
  50   2           {
  51   3            // LED_B_ON;
  52   3             sampDat = ADC_Samp();           // 采集高端数据  
  53   3            // LED_B_OFF;    
  54   3             
C51 COMPILER V9.52.0.0   TIMER                                                             11/14/2016 14:13:35 PAGE 2   

  55   3             pEMILEDCTL = OFF;                 // 发射管关闭
  56   3             f_prossout = TRUE;               //发射一次完成
  57   3            
  58   3          
  59   3           }
  60   2           pEMILEDCTL = OFF;                   // 发射管关闭
  61   2           valid_ok = FALSE;
  62   2        }
  63   1      
  64   1        }
  65          
  66          
  67          //////////////////////////////////////////////////////////////////////////////////
  68          //// 功能描述 : 定时器0开启
  69          //// 输入参数 : 
  70          //// 返回参数 : 
  71          //// 说明     :  
  72          //////////////////////////////////////////////////////////////////////////////////
  73          void Interrupt_Init (void)
  74          {
  75   1        EA = 1; //中断允许总控制位
  76   1      }


MODULE INFORMATION:   STATIC OVERLAYABLE
   CODE SIZE        =    163    ----
   CONSTANT SIZE    =   ----    ----
   XDATA SIZE       =   ----    ----
   PDATA SIZE       =   ----    ----
   DATA SIZE        =   ----    ----
   IDATA SIZE       =   ----    ----
   BIT SIZE         =   ----    ----
   EDATA SIZE       =   ----    ----
   HDATA SIZE       =   ----    ----
   XDATA CONST SIZE =   ----    ----
   FAR CONST SIZE   =   ----    ----
END OF MODULE INFORMATION.


C51 COMPILATION COMPLETE.  0 WARNING(S),  0 ERROR(S)
