C51 COMPILER V9.52.0.0   MAIN                                                              08/31/2016 09:44:49 PAGE 1   


C51 COMPILER V9.52.0.0, COMPILATION OF MODULE MAIN
OBJECT MODULE PLACED IN .\main.obj
COMPILER INVOKED BY: C:\Program Files\kile\C51\BIN\C51.EXE ..\SRC\main.c OMF2 BROWSE INCDIR(..\INC;..\PRO;..\SRC) DEBUG 
                    -PRINT(.\main.lst) TABS(2) OBJECT(.\main.obj)

line level    source

   1          /********************************************************************************
   2          工作状态下 
   3          
   4                使能     按键     灯        输出
   5                
   6                 0       按下     黄         有
   7                 0       松开     灭         无
   8                 1       松开     红         无
   9                 1       按下     绿         有    
  10          
  11          使能：1 使能输入   0 无使能输入
  12          ********************************************************************************/
  13          
  14          #define MAIN_GLOBAL
  15          #include "include.h"      
  16          INT8U sysStatus = SYSTEM_INIT;    //系统状态
  17          INT16U  basecount=0;
  18          //////////////////////////////////////////////////////////////////////////////////
  19          //// 功能描述 : 系统频率设置
  20          //// 输入参数 : 
  21          //// 返回参数 : 
  22          //// 说明     :  
  23          //////////////////////////////////////////////////////////////////////////////////
  24          void OSCILLATOR_Init (void)
  25          {     
  26   1        INT8U i;
  27   1        OSCICN   = 0x05;                //频率为24.5Mhz /4
  28   1        for(i = 500; i>0; i--);
  29   1        while((OSCICN & 0x10) == 0) ;   // 判断是否正常振荡
  30   1      }
  31          //////////////////////////////////////////////////////////////////////////////////
  32          //// 功能描述 : 主函数
  33          //// 输入参数 : 
  34          //// 返回参数 : 
  35          //// 说明     :  
  36          //////////////////////////////////////////////////////////////////////////////////
  37          void main(void)
  38          { 
  39   1        //delay_ms(100);  
  40   1        PCA0MD &= ~0x40;             //看门狗定时器被禁止
  41   1        RSTSRC |= 0x02;              //使能VDD电压监视
  42   1        PORT_Init ();                // Initialize crossbar and GPIO
  43   1        led_blink();                            
  44   1        Timer0_Init ();              // Timer0 自动重装模式2
  45   1        ADC_Init ();                 // 设置ADC
  46   1        OSCILLATOR_Init();           // Initialize the system clock 
  47   1      
  48   1        delay_ms(100);    
  49   1        //Base_ADC();                  //  采集基准值
  50   1        
  51   1        
  52   1        PCA0CPL2 = 0xff;             // 33ms
  53   1        PCA0MD  |= 0x60;             // 看门狗定时器被启用 ，锁定看门狗
  54   1        Interrupt_Init ();           // 开中断
C51 COMPILER V9.52.0.0   MAIN                                                              08/31/2016 09:44:49 PAGE 2   

  55   1        while(1)
  56   1        {
  57   2          PCA0CPH2 = 1;              //喂狗 
  58   2          key_status();              //按键状态检测
  59   2          PCA0CPH2 = 1;              //喂狗 
  60   2          Disp_Main();               //显示
  61   2          PCA0CPH2 = 1;              //喂狗 
  62   2          CMD_led_flash();           //刷新灯色
  63   2          PCA0CPH2 = 1;              //喂狗     
  64   2        } 
  65   1      }
  66          //////////////////////////////////////////////////////////////////////////////////
  67          //// 功能描述 : 触控机制
  68          //// 输入参数 : 
  69          //// 返回参数 : 
  70          //// 说明     :  
  71          //////////////////////////////////////////////////////////////////////////////////
  72          void Disp_Main(void)
  73          {
  74   1          if(p_signal_input == 1)                          //无输入
  75   1          {
  76   2             LedStatus &= DISEN_SIGNAL_ON_LED;             //使能对应灯色
  77   2             if (KeyStatus == ON)                          //无输入时按键按下时黄灯亮
  78   2             {
  79   3                OUTPUT_ON;                                 //输出开
  80   3                LedStatus = KEY_PRESS_LED_NOIN ;  
  81   3                LedDelayCnt=KEY_COUNT;                     //设置按键松开灯亮延时      
  82   3             }
  83   2             else if(KeyStatus == OFF)                     //当按键松开时
  84   2             {
  85   3                OUTPUT_OFF;                                //输出关
  86   3                if(LedDelayCnt == 0)
  87   3                   LedStatus &= KEY_RELEASE_LED_NOIN;         
  88   3             }           
  89   2          }
  90   1          else if (p_signal_input == 0)                     //有输入
  91   1          {
  92   2             if(LedDelayCnt == 0)                           //不能马上切换颜色
  93   2             { 
  94   3                LedStatus = EN_SIGNAL_ON_LED;               //使能对应灯色
  95   3             }
  96   2             if (KeyStatus == ON)  
  97   2             {  
  98   3                OUTPUT_ON;                                  //输出开
  99   3                LedStatus = KEY_PRESS_LED_IN ;              //按键按下灯色
 100   3                sysStatus = 1;                              //第一次按下
 101   3                LedDelayCnt=KEY_COUNT;                      //设置按键松开灯亮延时           
 102   3             }
 103   2             else if(KeyStatus == OFF)                      //当按键松开时
 104   2             {          
 105   3                if(LedDelayCnt == 0)                        //不马上关闭按键按下时候的状态
 106   3                {
 107   4                   OUTPUT_OFF;                              //输出关
 108   4                   LedStatus &= KEY_RELEASE_LED_IN; 
 109   4                   sysStatus=0;
 110   4                }
 111   3             }
 112   2           }
 113   1      }


MODULE INFORMATION:   STATIC OVERLAYABLE
C51 COMPILER V9.52.0.0   MAIN                                                              08/31/2016 09:44:49 PAGE 3   

   CODE SIZE        =    157    ----
   CONSTANT SIZE    =   ----    ----
   XDATA SIZE       =   ----    ----
   PDATA SIZE       =   ----    ----
   DATA SIZE        =      8    ----
   IDATA SIZE       =   ----    ----
   BIT SIZE         =      1    ----
   EDATA SIZE       =   ----    ----
   HDATA SIZE       =   ----    ----
   XDATA CONST SIZE =   ----    ----
   FAR CONST SIZE   =   ----    ----
END OF MODULE INFORMATION.


C51 COMPILATION COMPLETE.  0 WARNING(S),  0 ERROR(S)
