C51 COMPILER V9.52.0.0   TIMER                                                             08/31/2016 09:44:48 PAGE 1   


C51 COMPILER V9.52.0.0, COMPILATION OF MODULE TIMER
OBJECT MODULE PLACED IN .\timer.obj
COMPILER INVOKED BY: C:\Program Files\kile\C51\BIN\C51.EXE ..\SRC\timer.c OMF2 BROWSE INCDIR(..\INC;..\PRO;..\SRC) DEBUG
                    - PRINT(.\timer.lst) TABS(2) OBJECT(.\timer.obj)

line level    source

   1           #include "include.h"
   2          //////////////////////////////////////////////////////////////////////////////////
   3          //// 功能描述 : 定时器0初始化
   4          //// 输入参数 : 
   5          //// 返回参数 : 
   6          //// 说明     :  
   7          //////////////////////////////////////////////////////////////////////////////////
   8          void Timer0_Init (void)      // 30us
   9          {
  10   1        TR0 = 1;          //Timer0启动,即TCON=0x10;
  11   1        ET0 = 1;          //T0溢出中断允许
  12   1        TH0 = (255-10);   //10US 
  13   1        TMOD = 2;         //定时器0 8bit自动重装载
  14   1        CKCON |= 0x01;    //4分频率  6/4
  15   1        EA =0;
  16   1      }
  17          //////////////////////////////////////////////////////////////////////////////////
  18          //// 功能描述 : 定时器0中断入口函数
  19          //// 输入参数 : 
  20          //// 返回参数 : 
  21          //// 说明     :  
  22          //////////////////////////////////////////////////////////////////////////////////
  23          void Timer0(void) interrupt 1         //10us
  24          {
  25   1        count++;                            //对10us计数        
  26   1      
  27   1        if(LedDelayCnt>0)                   //按键关断计时
  28   1           LedDelayCnt--;
  29   1        
  30   1        if(count>FSLEDONTIME)               //持续发射
  31   1        { 
  32   2            if(basecount<100)
  33   2               basecount++;
  34   2          count=0;
  35   2          pEMILEDCTL = ON;                  // 发射管打开
  36   2          count++;
  37   2          sampDat = ADC_Samp();             // 采集高端数据 
  38   2          if((basecount%10)==0)             //电压采样
  39   2          {
  40   3              basecount=101;
  41   3              RevBase+=sampDat;
  42   3          }
  43   2          RevBase=RevBase/10;
  44   2          f_prossout = TRUE;
  45   2        }
  46   1        else
  47   1        {
  48   2           pEMILEDCTL = OFF;                // 发射管关闭
  49   2        }
  50   1        }
  51          
  52          //////////////////////////////////////////////////////////////////////////////////
  53          //// 功能描述 : 定时器0开启
  54          //// 输入参数 : 
C51 COMPILER V9.52.0.0   TIMER                                                             08/31/2016 09:44:48 PAGE 2   

  55          //// 返回参数 : 
  56          //// 说明     :  
  57          //////////////////////////////////////////////////////////////////////////////////
  58          void Interrupt_Init (void)
  59          {
  60   1        EA = 1; //中断允许总控制位
  61   1      }


MODULE INFORMATION:   STATIC OVERLAYABLE
   CODE SIZE        =    195    ----
   CONSTANT SIZE    =   ----    ----
   XDATA SIZE       =   ----    ----
   PDATA SIZE       =   ----    ----
   DATA SIZE        =   ----    ----
   IDATA SIZE       =   ----    ----
   BIT SIZE         =   ----    ----
   EDATA SIZE       =   ----    ----
   HDATA SIZE       =   ----    ----
   XDATA CONST SIZE =   ----    ----
   FAR CONST SIZE   =   ----    ----
END OF MODULE INFORMATION.


C51 COMPILATION COMPLETE.  0 WARNING(S),  0 ERROR(S)
