C51 COMPILER V9.52.0.0   DELAY                                                             08/19/2016 14:13:57 PAGE 1   


C51 COMPILER V9.52.0.0, COMPILATION OF MODULE DELAY
OBJECT MODULE PLACED IN .\delay.obj
COMPILER INVOKED BY: C:\Program Files\kile\C51\BIN\C51.EXE ..\SRC\delay.c OMF2 BROWSE INCDIR(..\INC;..\PRO;..\SRC) DEBUG
                    - PRINT(.\delay.lst) TABS(2) OBJECT(.\delay.obj)

line level    source

   1          #include "include.h"
   2          //////////////////////////////////////////////////////////////////////////////////
   3          //// 功能描述 : 1ms延时
   4          //// 输入参数 : 
   5          //// 返回参数 : 
   6          //// 说明     :  
   7          //////////////////////////////////////////////////////////////////////////////////
   8          void delay(void)                                                
   9          {  
  10   1        INT8U i,j;
  11   1          for(i=30;i>0;i--)
  12   1        for(j=30;j>0;j--) ;
  13   1      }
  14          //////////////////////////////////////////////////////////////////////////////////
  15          //// 功能描述 : ms级延时
  16          //// 输入参数 : 
  17          //// 返回参数 : 
  18          //// 说明     :  
  19          //////////////////////////////////////////////////////////////////////////////////
  20          void delay_ms( INT16U cnt)                                              
  21          {  
  22   1      
  23   1        while(cnt > 0)
  24   1        {
  25   2             delay();
  26   2           cnt--;
  27   2        }
  28   1      }


MODULE INFORMATION:   STATIC OVERLAYABLE
   CODE SIZE        =     33    ----
   CONSTANT SIZE    =   ----    ----
   XDATA SIZE       =   ----    ----
   PDATA SIZE       =   ----    ----
   DATA SIZE        =   ----    ----
   IDATA SIZE       =   ----    ----
   BIT SIZE         =   ----    ----
   EDATA SIZE       =   ----    ----
   HDATA SIZE       =   ----    ----
   XDATA CONST SIZE =   ----    ----
   FAR CONST SIZE   =   ----    ----
END OF MODULE INFORMATION.


C51 COMPILATION COMPLETE.  0 WARNING(S),  0 ERROR(S)
