C51 COMPILER V9.52.0.0   EXTI                                                              08/19/2016 14:13:57 PAGE 1   


C51 COMPILER V9.52.0.0, COMPILATION OF MODULE EXTI
OBJECT MODULE PLACED IN .\exti.obj
COMPILER INVOKED BY: C:\Program Files\kile\C51\BIN\C51.EXE ..\SRC\exti.c OMF2 BROWSE INCDIR(..\INC;..\PRO;..\SRC) DEBUG 
                    -PRINT(.\exti.lst) TABS(2) OBJECT(.\exti.obj)

line level    source

   1          #include "include.h"
   2          //////////////////////////////////////////////////////////////////////////////////
   3          //// 功能描述 : 外部捕捉
   4          //// 输入参数 : 
   5          //// 返回参数 : 
   6          //// 说明     :  
   7          //////////////////////////////////////////////////////////////////////////////////
   8          //void exti_init()
   9          //{
  10          //   PCA0MD |= 0x08;      //时钟默认System/12
  11          //   PCA0CPM0 |=  0X31;   // CAPPn CAPNn  允许中断
  12          //   CR = 0;              //关闭计数
  13          //   EIE1=0x08;           //开启CPA中断
  14          //}
  15          ////////////////////////////////////////////////////////////////////////////////////
  16          ////// 功能描述 : 外部中断入口
  17          ////// 输入参数 : 
  18          ////// 返回参数 : 
  19          ////// 说明     :  
  20          ////////////////////////////////////////////////////////////////////////////////////
  21          //void PA0_ISR(void) interrupt 9
  22          //{
  23          //    if(CCF0==1)         //外部中断
  24          //    {
  25          //       CCF0 = 0;        //清除中断标志
  26          //       if(INPUT==1);      //读取输入状态 
  27          //    }
  28          //}


MODULE INFORMATION:   STATIC OVERLAYABLE
   CODE SIZE        =   ----    ----
   CONSTANT SIZE    =   ----    ----
   XDATA SIZE       =   ----    ----
   PDATA SIZE       =   ----    ----
   DATA SIZE        =   ----    ----
   IDATA SIZE       =   ----    ----
   BIT SIZE         =   ----    ----
   EDATA SIZE       =   ----    ----
   HDATA SIZE       =   ----    ----
   XDATA CONST SIZE =   ----    ----
   FAR CONST SIZE   =   ----    ----
END OF MODULE INFORMATION.


C51 COMPILATION COMPLETE.  0 WARNING(S),  0 ERROR(S)
