C51 COMPILER V9.52.0.0   LED                                                               08/19/2016 14:13:57 PAGE 1   


C51 COMPILER V9.52.0.0, COMPILATION OF MODULE LED
OBJECT MODULE PLACED IN .\led.obj
COMPILER INVOKED BY: C:\Program Files\kile\C51\BIN\C51.EXE ..\SRC\led.c OMF2 BROWSE INCDIR(..\INC;..\PRO;..\SRC) DEBUG P
                    -RINT(.\led.lst) TABS(2) OBJECT(.\led.obj)

line level    source

   1          #define LED_GLOBAL
   2          #include "include.h"
   3          //////////////////////////////////////////////////////////////////////////////////
   4          //// 功能描述 : ADC初始化
   5          //// 输入参数 : 
   6          //// 返回参数 : 
   7          //// 说明     :  
   8          //////////////////////////////////////////////////////////////////////////////////
   9          void led_blink(void)
  10          {
  11   1        pLEDOUTR = ON;  
  12   1        delay_ms(500);  
  13   1        pLEDOUTR = OFF; 
  14   1      
  15   1        pLEDOUTG = ON;  
  16   1        delay_ms(500);
  17   1        pLEDOUTG = OFF;
  18   1          
  19   1        pLEDOUTB = ON;  
  20   1        delay_ms(500);  
  21   1        pLEDOUTB = OFF;
  22   1      }
  23          //////////////////////////////////////////////////////////////////////////////////
  24          //// 功能描述 : IO初始化
  25          //// 输入参数 : 
  26          //// 返回参数 : 
  27          //// 说明     :  
  28          //////////////////////////////////////////////////////////////////////////////////
  29          void PORT_Init (void)
  30          { 
  31   1        P0MDIN  &= ~0x02;     // P0.1,为模拟输入  0=模拟输入，1=数字输入
  32   1        P0MDIN  |= ~0x10;     // P0.4 DIGITAL INPUT
  33   1        P0MDOUT |= 0x6d;      // P0.0,2,3,5,6为推挽输出方式 
  34   1        XBR0    |= 0x3F;      // 跳过使用的IO口P0.0 1 2 3 5 6   
  35   1        XBR2    |= 0X40;      // 使能交叉开关，使能弱上拉
  36   1      
  37   1        
  38   1        pOUTPUT   = OFF;      // 关掉发射管
  39   1        pLEDOUTB  = OFF;  
  40   1        pLEDOUTG  = OFF;  
  41   1        pLEDOUTR  = OFF;  
  42   1        pEMILEDCTL  = OFF;    // 管关断
  43   1      }


MODULE INFORMATION:   STATIC OVERLAYABLE
   CODE SIZE        =     60    ----
   CONSTANT SIZE    =   ----    ----
   XDATA SIZE       =   ----    ----
   PDATA SIZE       =   ----    ----
   DATA SIZE        =   ----    ----
   IDATA SIZE       =   ----    ----
   BIT SIZE         =   ----    ----
   EDATA SIZE       =   ----    ----
C51 COMPILER V9.52.0.0   LED                                                               08/19/2016 14:13:57 PAGE 2   

   HDATA SIZE       =   ----    ----
   XDATA CONST SIZE =   ----    ----
   FAR CONST SIZE   =   ----    ----
END OF MODULE INFORMATION.


C51 COMPILATION COMPLETE.  0 WARNING(S),  0 ERROR(S)
