C51 COMPILER V9.52.0.0   MAIN                                                              08/19/2016 14:13:57 PAGE 1   


C51 COMPILER V9.52.0.0, COMPILATION OF MODULE MAIN
OBJECT MODULE PLACED IN .\main.obj
COMPILER INVOKED BY: C:\Program Files\kile\C51\BIN\C51.EXE ..\SRC\main.c OMF2 BROWSE INCDIR(..\INC;..\PRO;..\SRC) DEBUG 
                    -PRINT(.\main.lst) TABS(2) OBJECT(.\main.obj)

line level    source

   1          #define MAIN_GLOBAL
   2          #include "include.h"      
   3          
   4          INT8U sampcnt=0;
   5          //////////////////////////////////////////////////////////////////////////////////
   6          //// 功能描述 : 系统频率设置
   7          //// 输入参数 : 
   8          //// 返回参数 : 
   9          //// 说明     :  
  10          //////////////////////////////////////////////////////////////////////////////////
  11          void OSCILLATOR_Init (void)
  12          {     
  13   1        INT8U i;
  14   1        OSCICN   = 0x05;                //频率为24.5Mhz /4
  15   1        for(i = 50; i>0; i--);
  16   1        while((OSCICN & 0x10) == 0) ;   // 判断是否正常振荡
  17   1      }
  18          //////////////////////////////////////////////////////////////////////////////////
  19          //// 功能描述 : 主函数
  20          //// 输入参数 : 
  21          //// 返回参数 : 
  22          //// 说明     :  
  23          //////////////////////////////////////////////////////////////////////////////////
  24          void main(void)
  25          { 
  26   1        PCA0MD &= ~0x40;         //看门狗定时器被禁止
  27   1        RSTSRC |= 0x02;          //使能VDD电压监视
  28   1        PORT_Init ();            // Initialize crossbar and GPIO
  29   1        led_blink();                          
  30   1        
  31   1        
  32   1        
  33   1                                                               //
  34   1        Timer0_Init ();          // Timer0 自动重装模式2
  35   1        ADC_Init ();             // 设置ADC
  36   1        
  37   1        OSCILLATOR_Init();           // Initialize the system clock   
  38   1          
  39   1        Base_ADC();              //  采集基准值
  40   1      
  41   1        PCA0CPL2 = 0xff;           // 33ms
  42   1        PCA0MD  |= 0x60;         // 看门狗定时器被启用 ，锁定看门狗
  43   1        Interrupt_Init ();       // 开中断
  44   1        while(1)
  45   1        {
  46   2          PCA0CPH2 = 1;//喂狗
  47   2      
  48   2            if(f_prossout == TRUE)
  49   2            { 
  50   3                f_prossout = FALSE;
  51   3                if(sampDat>Dval)
  52   3                   out++;
  53   3                else
  54   3                   out=0; 
C51 COMPILER V9.52.0.0   MAIN                                                              08/19/2016 14:13:57 PAGE 2   

  55   3            }   
  56   2                if(out>Dnum)
  57   2                {
  58   3                   out=100;
  59   3                   pLEDOUTG = ON;
  60   3                }
  61   2                else
  62   2                   pLEDOUTG = OFF;
  63   2        } 
  64   1      }


MODULE INFORMATION:   STATIC OVERLAYABLE
   CODE SIZE        =     86    ----
   CONSTANT SIZE    =   ----    ----
   XDATA SIZE       =   ----    ----
   PDATA SIZE       =   ----    ----
   DATA SIZE        =      6    ----
   IDATA SIZE       =   ----    ----
   BIT SIZE         =      2    ----
   EDATA SIZE       =   ----    ----
   HDATA SIZE       =   ----    ----
   XDATA CONST SIZE =   ----    ----
   FAR CONST SIZE   =   ----    ----
END OF MODULE INFORMATION.


C51 COMPILATION COMPLETE.  0 WARNING(S),  0 ERROR(S)
