C51 COMPILER V9.52.0.0   TIMER                                                             08/19/2016 14:13:56 PAGE 1   


C51 COMPILER V9.52.0.0, COMPILATION OF MODULE TIMER
OBJECT MODULE PLACED IN .\timer.obj
COMPILER INVOKED BY: C:\Program Files\kile\C51\BIN\C51.EXE ..\SRC\timer.c OMF2 BROWSE INCDIR(..\INC;..\PRO;..\SRC) DEBUG
                    - PRINT(.\timer.lst) TABS(2) OBJECT(.\timer.obj)

line level    source

   1           #include "include.h"
   2          //////////////////////////////////////////////////////////////////////////////////
   3          //// 功能描述 : 定时器0初始化
   4          //// 输入参数 : 
   5          //// 返回参数 : 
   6          //// 说明     :  
   7          //////////////////////////////////////////////////////////////////////////////////
   8          void Timer0_Init (void)      // 30us
   9          {
  10   1        TR0 = 1;          //Timer0启动,即TCON=0x10;
  11   1        ET0 = 1;          //T0溢出中断允许
  12   1        TH0 = (256-10);   //10US 
  13   1      //TH0 = 0Xf0;     //10US  
  14   1        TMOD = 2;         //定时器0 8bit自动重装载
  15   1        CKCON |= 0x01;    //4分频率  6/4
  16   1      }
  17          //////////////////////////////////////////////////////////////////////////////////
  18          //// 功能描述 : 定时器0中断入口函数
  19          //// 输入参数 : 
  20          //// 返回参数 : 
  21          //// 说明     :  
  22          //////////////////////////////////////////////////////////////////////////////////
  23          void Timer0(void) interrupt 1         // 10us
  24          {
  25   1        count++;                            // 对10us计数              
  26   1        if(count>FSLEDONTIME)//持续发射
  27   1        { 
  28   2          count=0;
  29   2          pEMILEDCTL = ON;       // 发射管打开
  30   2          count++;
  31   2          sampDat = ADC_Samp();     // 采集高端数据 
  32   2          f_prossout = TRUE;
  33   2        }
  34   1        else
  35   1        {
  36   2           pEMILEDCTL = OFF;       // 发射管关闭
  37   2        }
  38   1        }
  39          
  40          //////////////////////////////////////////////////////////////////////////////////
  41          //// 功能描述 : 定时器0开启
  42          //// 输入参数 : 
  43          //// 返回参数 : 
  44          //// 说明     :  
  45          //////////////////////////////////////////////////////////////////////////////////
  46          void Interrupt_Init (void)
  47          {
  48   1        EA = 1; //中断允许总控制位
  49   1      }


MODULE INFORMATION:   STATIC OVERLAYABLE
   CODE SIZE        =    120    ----
   CONSTANT SIZE    =   ----    ----
C51 COMPILER V9.52.0.0   TIMER                                                             08/19/2016 14:13:56 PAGE 2   

   XDATA SIZE       =   ----    ----
   PDATA SIZE       =   ----    ----
   DATA SIZE        =   ----    ----
   IDATA SIZE       =   ----    ----
   BIT SIZE         =   ----    ----
   EDATA SIZE       =   ----    ----
   HDATA SIZE       =   ----    ----
   XDATA CONST SIZE =   ----    ----
   FAR CONST SIZE   =   ----    ----
END OF MODULE INFORMATION.


C51 COMPILATION COMPLETE.  0 WARNING(S),  0 ERROR(S)
